The system is: CYGWIN - 2.11.1(0.329/5/3) - x86_64
Compiling the C compiler identification source file "CMakeCCompilerId.c" succeeded.
Compiler: /cygdrive/c/cygwin64/bin/clang 
Build flags: 
Id flags:  

The output was:
0


Compilation of the C compiler identification source "CMakeCCompilerId.c" produced "a.exe"

The C compiler identification is Clang, found in "/cygdrive/c/Users/31409/CLionProjects/program3/cmake-build-debug/CMakeFiles/3.12.3/CompilerIdC/a.exe"

Compiling the CXX compiler identification source file "CMakeCXXCompilerId.cpp" succeeded.
Compiler: /cygdrive/c/cygwin64/bin/clang++ 
Build flags: 
Id flags:  

The output was:
0


Compilation of the CXX compiler identification source "CMakeCXXCompilerId.cpp" produced "a.exe"

The CXX compiler identification is Clang, found in "/cygdrive/c/Users/31409/CLionProjects/program3/cmake-build-debug/CMakeFiles/3.12.3/CompilerIdCXX/a.exe"

Determining if the C compiler works passed with the following output:
Change Dir: /cygdrive/c/Users/31409/CLionProjects/program3/cmake-build-debug/CMakeFiles/CMakeTmp

Run Build Command:"/usr/bin/make.exe" "cmTC_34e54/fast"
/usr/bin/make -f CMakeFiles/cmTC_34e54.dir/build.make CMakeFiles/cmTC_34e54.dir/build
make[1]: Entering directory '/cygdrive/c/Users/31409/CLionProjects/program3/cmake-build-debug/CMakeFiles/CMakeTmp'
Building C object CMakeFiles/cmTC_34e54.dir/testCCompiler.c.o
/cygdrive/c/cygwin64/bin/clang    -o CMakeFiles/cmTC_34e54.dir/testCCompiler.c.o   -c /cygdrive/c/Users/31409/CLionProjects/program3/cmake-build-debug/CMakeFiles/CMakeTmp/testCCompiler.c
Linking C executable cmTC_34e54.exe
/cygdrive/c/Users/31409/.CLion2018.2/system/cygwin_cmake/bin/cmake.exe -E cmake_link_script CMakeFiles/cmTC_34e54.dir/link.txt --verbose=1
/cygdrive/c/cygwin64/bin/clang    -Wl,--enable-auto-import  CMakeFiles/cmTC_34e54.dir/testCCompiler.c.o  -o cmTC_34e54.exe -Wl,--out-implib,libcmTC_34e54.dll.a -Wl,--major-image-version,0,--minor-image-version,0 
make[1]: Leaving directory '/cygdrive/c/Users/31409/CLionProjects/program3/cmake-build-debug/CMakeFiles/CMakeTmp'


Detecting C compiler ABI info compiled with the following output:
Change Dir: /cygdrive/c/Users/31409/CLionProjects/program3/cmake-build-debug/CMakeFiles/CMakeTmp

Run Build Command:"/usr/bin/make.exe" "cmTC_c4d49/fast"
/usr/bin/make -f CMakeFiles/cmTC_c4d49.dir/build.make CMakeFiles/cmTC_c4d49.dir/build
make[1]: Entering directory '/cygdrive/c/Users/31409/CLionProjects/program3/cmake-build-debug/CMakeFiles/CMakeTmp'
Building C object CMakeFiles/cmTC_c4d49.dir/CMakeCCompilerABI.c.o
/cygdrive/c/cygwin64/bin/clang    -o CMakeFiles/cmTC_c4d49.dir/CMakeCCompilerABI.c.o   -c /cygdrive/c/Users/31409/.CLion2018.2/system/cygwin_cmake/share/cmake-3.12.3/Modules/CMakeCCompilerABI.c
Linking C executable cmTC_c4d49.exe
/cygdrive/c/Users/31409/.CLion2018.2/system/cygwin_cmake/bin/cmake.exe -E cmake_link_script CMakeFiles/cmTC_c4d49.dir/link.txt --verbose=1
/cygdrive/c/cygwin64/bin/clang    -Wl,--enable-auto-import -v CMakeFiles/cmTC_c4d49.dir/CMakeCCompilerABI.c.o  -o cmTC_c4d49.exe -Wl,--out-implib,libcmTC_c4d49.dll.a -Wl,--major-image-version,0,--minor-image-version,0 
clang version 5.0.1 (tags/RELEASE_501/final)
Target: x86_64-unknown-windows-cygnus
Thread model: posix
InstalledDir: /cygdrive/c/cygwin64/bin
 "/cygdrive/c/cygwin64/bin/ld" -m i386pep --wrap _Znwm --wrap _Znam --wrap _ZnwmRKSt9nothrow_t --wrap _ZnamRKSt9nothrow_t --wrap _ZdlPv --wrap _ZdaPv --wrap _ZdlPvRKSt9nothrow_t --wrap _ZdaPvKSt9nothrow_t -Bdynamic --tsaware -o cmTC_c4d49.exe /usr/lib/crt0.o /usr/lib/gcc/x86_64-pc-cygwin/7.3.0/crtbegin.o -L/usr/lib/gcc/x86_64-pc-cygwin/7.3.0 -L/usr/x86_64-pc-cygwin/lib -L/usr/lib --enable-auto-import CMakeFiles/cmTC_c4d49.dir/CMakeCCompilerABI.c.o --out-implib libcmTC_c4d49.dll.a --major-image-version 0 --minor-image-version 0 -lgcc_s -lgcc -lcygwin -ladvapi32 -lshell32 -luser32 -lkernel32 -lgcc_s -lgcc -lcygwin /usr/lib/default-manifest.o /usr/lib/gcc/x86_64-pc-cygwin/7.3.0/crtend.o
make[1]: Leaving directory '/cygdrive/c/Users/31409/CLionProjects/program3/cmake-build-debug/CMakeFiles/CMakeTmp'


Parsed C implicit link information from above output:
  link line regex: [^( *|.*[/\])(ld\.exe|CMAKE_LINK_STARTFILE-NOTFOUND|([^/\]+-)?ld|collect2)[^/\]*( |$)]
  ignore line: [Change Dir: /cygdrive/c/Users/31409/CLionProjects/program3/cmake-build-debug/CMakeFiles/CMakeTmp]
  ignore line: []
  ignore line: [Run Build Command:"/usr/bin/make.exe" "cmTC_c4d49/fast"]
  ignore line: [/usr/bin/make -f CMakeFiles/cmTC_c4d49.dir/build.make CMakeFiles/cmTC_c4d49.dir/build]
  ignore line: [make[1]: Entering directory '/cygdrive/c/Users/31409/CLionProjects/program3/cmake-build-debug/CMakeFiles/CMakeTmp']
  ignore line: [Building C object CMakeFiles/cmTC_c4d49.dir/CMakeCCompilerABI.c.o]
  ignore line: [/cygdrive/c/cygwin64/bin/clang    -o CMakeFiles/cmTC_c4d49.dir/CMakeCCompilerABI.c.o   -c /cygdrive/c/Users/31409/.CLion2018.2/system/cygwin_cmake/share/cmake-3.12.3/Modules/CMakeCCompilerABI.c]
  ignore line: [Linking C executable cmTC_c4d49.exe]
  ignore line: [/cygdrive/c/Users/31409/.CLion2018.2/system/cygwin_cmake/bin/cmake.exe -E cmake_link_script CMakeFiles/cmTC_c4d49.dir/link.txt --verbose=1]
  ignore line: [/cygdrive/c/cygwin64/bin/clang    -Wl,--enable-auto-import -v CMakeFiles/cmTC_c4d49.dir/CMakeCCompilerABI.c.o  -o cmTC_c4d49.exe -Wl,--out-implib,libcmTC_c4d49.dll.a -Wl,--major-image-version,0,--minor-image-version,0 ]
  ignore line: [clang version 5.0.1 (tags/RELEASE_501/final)]
  ignore line: [Target: x86_64-unknown-windows-cygnus]
  ignore line: [Thread model: posix]
  ignore line: [InstalledDir: /cygdrive/c/cygwin64/bin]
  link line: [ "/cygdrive/c/cygwin64/bin/ld" -m i386pep --wrap _Znwm --wrap _Znam --wrap _ZnwmRKSt9nothrow_t --wrap _ZnamRKSt9nothrow_t --wrap _ZdlPv --wrap _ZdaPv --wrap _ZdlPvRKSt9nothrow_t --wrap _ZdaPvKSt9nothrow_t -Bdynamic --tsaware -o cmTC_c4d49.exe /usr/lib/crt0.o /usr/lib/gcc/x86_64-pc-cygwin/7.3.0/crtbegin.o -L/usr/lib/gcc/x86_64-pc-cygwin/7.3.0 -L/usr/x86_64-pc-cygwin/lib -L/usr/lib --enable-auto-import CMakeFiles/cmTC_c4d49.dir/CMakeCCompilerABI.c.o --out-implib libcmTC_c4d49.dll.a --major-image-version 0 --minor-image-version 0 -lgcc_s -lgcc -lcygwin -ladvapi32 -lshell32 -luser32 -lkernel32 -lgcc_s -lgcc -lcygwin /usr/lib/default-manifest.o /usr/lib/gcc/x86_64-pc-cygwin/7.3.0/crtend.o]
    arg [/cygdrive/c/cygwin64/bin/ld] ==> ignore
    arg [-m] ==> ignore
    arg [i386pep] ==> ignore
    arg [--wrap] ==> ignore
    arg [_Znwm] ==> ignore
    arg [--wrap] ==> ignore
    arg [_Znam] ==> ignore
    arg [--wrap] ==> ignore
    arg [_ZnwmRKSt9nothrow_t] ==> ignore
    arg [--wrap] ==> ignore
    arg [_ZnamRKSt9nothrow_t] ==> ignore
    arg [--wrap] ==> ignore
    arg [_ZdlPv] ==> ignore
    arg [--wrap] ==> ignore
    arg [_ZdaPv] ==> ignore
    arg [--wrap] ==> ignore
    arg [_ZdlPvRKSt9nothrow_t] ==> ignore
    arg [--wrap] ==> ignore
    arg [_ZdaPvKSt9nothrow_t] ==> ignore
    arg [-Bdynamic] ==> ignore
    arg [--tsaware] ==> ignore
    arg [-o] ==> ignore
    arg [cmTC_c4d49.exe] ==> ignore
    arg [/usr/lib/crt0.o] ==> ignore
    arg [/usr/lib/gcc/x86_64-pc-cygwin/7.3.0/crtbegin.o] ==> ignore
    arg [-L/usr/lib/gcc/x86_64-pc-cygwin/7.3.0] ==> dir [/usr/lib/gcc/x86_64-pc-cygwin/7.3.0]
    arg [-L/usr/x86_64-pc-cygwin/lib] ==> dir [/usr/x86_64-pc-cygwin/lib]
    arg [-L/usr/lib] ==> dir [/usr/lib]
    arg [--enable-auto-import] ==> ignore
    arg [CMakeFiles/cmTC_c4d49.dir/CMakeCCompilerABI.c.o] ==> ignore
    arg [--out-implib] ==> ignore
    arg [libcmTC_c4d49.dll.a] ==> ignore
    arg [--major-image-version] ==> ignore
    arg [0] ==> ignore
    arg [--minor-image-version] ==> ignore
    arg [0] ==> ignore
    arg [-lgcc_s] ==> lib [gcc_s]
    arg [-lgcc] ==> lib [gcc]
    arg [-lcygwin] ==> lib [cygwin]
    arg [-ladvapi32] ==> lib [advapi32]
    arg [-lshell32] ==> lib [shell32]
    arg [-luser32] ==> lib [user32]
    arg [-lkernel32] ==> lib [kernel32]
    arg [-lgcc_s] ==> lib [gcc_s]
    arg [-lgcc] ==> lib [gcc]
    arg [-lcygwin] ==> lib [cygwin]
    arg [/usr/lib/default-manifest.o] ==> ignore
    arg [/usr/lib/gcc/x86_64-pc-cygwin/7.3.0/crtend.o] ==> ignore
  collapse library dir [/usr/lib/gcc/x86_64-pc-cygwin/7.3.0] ==> [/usr/lib/gcc/x86_64-pc-cygwin/7.3.0]
  collapse library dir [/usr/x86_64-pc-cygwin/lib] ==> [/usr/x86_64-pc-cygwin/lib]
  collapse library dir [/usr/lib] ==> [/usr/lib]
  implicit libs: [gcc_s;gcc;cygwin;advapi32;shell32;user32;kernel32;gcc_s;gcc;cygwin]
  implicit dirs: [/usr/lib/gcc/x86_64-pc-cygwin/7.3.0;/usr/x86_64-pc-cygwin/lib;/usr/lib]
  implicit fwks: []




Detecting C [-std=c11] compiler features compiled with the following output:
Change Dir: /cygdrive/c/Users/31409/CLionProjects/program3/cmake-build-debug/CMakeFiles/CMakeTmp

Run Build Command:"/usr/bin/make.exe" "cmTC_44c81/fast"
/usr/bin/make -f CMakeFiles/cmTC_44c81.dir/build.make CMakeFiles/cmTC_44c81.dir/build
make[1]: Entering directory '/cygdrive/c/Users/31409/CLionProjects/program3/cmake-build-debug/CMakeFiles/CMakeTmp'
Building C object CMakeFiles/cmTC_44c81.dir/feature_tests.c.o
/cygdrive/c/cygwin64/bin/clang   -std=c11 -o CMakeFiles/cmTC_44c81.dir/feature_tests.c.o   -c /cygdrive/c/Users/31409/CLionProjects/program3/cmake-build-debug/CMakeFiles/feature_tests.c
Linking C executable cmTC_44c81.exe
/cygdrive/c/Users/31409/.CLion2018.2/system/cygwin_cmake/bin/cmake.exe -E cmake_link_script CMakeFiles/cmTC_44c81.dir/link.txt --verbose=1
/cygdrive/c/cygwin64/bin/clang    -Wl,--enable-auto-import  CMakeFiles/cmTC_44c81.dir/feature_tests.c.o  -o cmTC_44c81.exe -Wl,--out-implib,libcmTC_44c81.dll.a -Wl,--major-image-version,0,--minor-image-version,0 
make[1]: Leaving directory '/cygdrive/c/Users/31409/CLionProjects/program3/cmake-build-debug/CMakeFiles/CMakeTmp'


    Feature record: C_FEATURE:1c_function_prototypes
    Feature record: C_FEATURE:1c_restrict
    Feature record: C_FEATURE:1c_static_assert
    Feature record: C_FEATURE:1c_variadic_macros


Detecting C [-std=c99] compiler features compiled with the following output:
Change Dir: /cygdrive/c/Users/31409/CLionProjects/program3/cmake-build-debug/CMakeFiles/CMakeTmp

Run Build Command:"/usr/bin/make.exe" "cmTC_3cf12/fast"
/usr/bin/make -f CMakeFiles/cmTC_3cf12.dir/build.make CMakeFiles/cmTC_3cf12.dir/build
make[1]: Entering directory '/cygdrive/c/Users/31409/CLionProjects/program3/cmake-build-debug/CMakeFiles/CMakeTmp'
Building C object CMakeFiles/cmTC_3cf12.dir/feature_tests.c.o
/cygdrive/c/cygwin64/bin/clang   -std=c99 -o CMakeFiles/cmTC_3cf12.dir/feature_tests.c.o   -c /cygdrive/c/Users/31409/CLionProjects/program3/cmake-build-debug/CMakeFiles/feature_tests.c
Linking C executable cmTC_3cf12.exe
/cygdrive/c/Users/31409/.CLion2018.2/system/cygwin_cmake/bin/cmake.exe -E cmake_link_script CMakeFiles/cmTC_3cf12.dir/link.txt --verbose=1
/cygdrive/c/cygwin64/bin/clang    -Wl,--enable-auto-import  CMakeFiles/cmTC_3cf12.dir/feature_tests.c.o  -o cmTC_3cf12.exe -Wl,--out-implib,libcmTC_3cf12.dll.a -Wl,--major-image-version,0,--minor-image-version,0 
make[1]: Leaving directory '/cygdrive/c/Users/31409/CLionProjects/program3/cmake-build-debug/CMakeFiles/CMakeTmp'


    Feature record: C_FEATURE:1c_function_prototypes
    Feature record: C_FEATURE:1c_restrict
    Feature record: C_FEATURE:0c_static_assert
    Feature record: C_FEATURE:1c_variadic_macros


Detecting C [-std=c90] compiler features compiled with the following output:
Change Dir: /cygdrive/c/Users/31409/CLionProjects/program3/cmake-build-debug/CMakeFiles/CMakeTmp

Run Build Command:"/usr/bin/make.exe" "cmTC_c571b/fast"
/usr/bin/make -f CMakeFiles/cmTC_c571b.dir/build.make CMakeFiles/cmTC_c571b.dir/build
make[1]: Entering directory '/cygdrive/c/Users/31409/CLionProjects/program3/cmake-build-debug/CMakeFiles/CMakeTmp'
Building C object CMakeFiles/cmTC_c571b.dir/feature_tests.c.o
/cygdrive/c/cygwin64/bin/clang   -std=c90 -o CMakeFiles/cmTC_c571b.dir/feature_tests.c.o   -c /cygdrive/c/Users/31409/CLionProjects/program3/cmake-build-debug/CMakeFiles/feature_tests.c
Linking C executable cmTC_c571b.exe
/cygdrive/c/Users/31409/.CLion2018.2/system/cygwin_cmake/bin/cmake.exe -E cmake_link_script CMakeFiles/cmTC_c571b.dir/link.txt --verbose=1
/cygdrive/c/cygwin64/bin/clang    -Wl,--enable-auto-import  CMakeFiles/cmTC_c571b.dir/feature_tests.c.o  -o cmTC_c571b.exe -Wl,--out-implib,libcmTC_c571b.dll.a -Wl,--major-image-version,0,--minor-image-version,0 
make[1]: Leaving directory '/cygdrive/c/Users/31409/CLionProjects/program3/cmake-build-debug/CMakeFiles/CMakeTmp'


    Feature record: C_FEATURE:1c_function_prototypes
    Feature record: C_FEATURE:0c_restrict
    Feature record: C_FEATURE:0c_static_assert
    Feature record: C_FEATURE:0c_variadic_macros
Determining if the CXX compiler works passed with the following output:
Change Dir: /cygdrive/c/Users/31409/CLionProjects/program3/cmake-build-debug/CMakeFiles/CMakeTmp

Run Build Command:"/usr/bin/make.exe" "cmTC_a69f4/fast"
/usr/bin/make -f CMakeFiles/cmTC_a69f4.dir/build.make CMakeFiles/cmTC_a69f4.dir/build
make[1]: Entering directory '/cygdrive/c/Users/31409/CLionProjects/program3/cmake-build-debug/CMakeFiles/CMakeTmp'
Building CXX object CMakeFiles/cmTC_a69f4.dir/testCXXCompiler.cxx.o
/cygdrive/c/cygwin64/bin/clang++     -o CMakeFiles/cmTC_a69f4.dir/testCXXCompiler.cxx.o -c /cygdrive/c/Users/31409/CLionProjects/program3/cmake-build-debug/CMakeFiles/CMakeTmp/testCXXCompiler.cxx
Linking CXX executable cmTC_a69f4.exe
/cygdrive/c/Users/31409/.CLion2018.2/system/cygwin_cmake/bin/cmake.exe -E cmake_link_script CMakeFiles/cmTC_a69f4.dir/link.txt --verbose=1
/cygdrive/c/cygwin64/bin/clang++    -Wl,--enable-auto-import  CMakeFiles/cmTC_a69f4.dir/testCXXCompiler.cxx.o  -o cmTC_a69f4.exe -Wl,--out-implib,libcmTC_a69f4.dll.a -Wl,--major-image-version,0,--minor-image-version,0 
make[1]: Leaving directory '/cygdrive/c/Users/31409/CLionProjects/program3/cmake-build-debug/CMakeFiles/CMakeTmp'


Detecting CXX compiler ABI info compiled with the following output:
Change Dir: /cygdrive/c/Users/31409/CLionProjects/program3/cmake-build-debug/CMakeFiles/CMakeTmp

Run Build Command:"/usr/bin/make.exe" "cmTC_20cbc/fast"
/usr/bin/make -f CMakeFiles/cmTC_20cbc.dir/build.make CMakeFiles/cmTC_20cbc.dir/build
make[1]: Entering directory '/cygdrive/c/Users/31409/CLionProjects/program3/cmake-build-debug/CMakeFiles/CMakeTmp'
Building CXX object CMakeFiles/cmTC_20cbc.dir/CMakeCXXCompilerABI.cpp.o
/cygdrive/c/cygwin64/bin/clang++     -o CMakeFiles/cmTC_20cbc.dir/CMakeCXXCompilerABI.cpp.o -c /cygdrive/c/Users/31409/.CLion2018.2/system/cygwin_cmake/share/cmake-3.12.3/Modules/CMakeCXXCompilerABI.cpp
Linking CXX executable cmTC_20cbc.exe
/cygdrive/c/Users/31409/.CLion2018.2/system/cygwin_cmake/bin/cmake.exe -E cmake_link_script CMakeFiles/cmTC_20cbc.dir/link.txt --verbose=1
/cygdrive/c/cygwin64/bin/clang++    -Wl,--enable-auto-import -v CMakeFiles/cmTC_20cbc.dir/CMakeCXXCompilerABI.cpp.o  -o cmTC_20cbc.exe -Wl,--out-implib,libcmTC_20cbc.dll.a -Wl,--major-image-version,0,--minor-image-version,0 
clang version 5.0.1 (tags/RELEASE_501/final)
Target: x86_64-unknown-windows-cygnus
Thread model: posix
InstalledDir: /cygdrive/c/cygwin64/bin
 "/cygdrive/c/cygwin64/bin/ld" -m i386pep --wrap _Znwm --wrap _Znam --wrap _ZnwmRKSt9nothrow_t --wrap _ZnamRKSt9nothrow_t --wrap _ZdlPv --wrap _ZdaPv --wrap _ZdlPvRKSt9nothrow_t --wrap _ZdaPvKSt9nothrow_t -Bdynamic --tsaware -o cmTC_20cbc.exe /usr/lib/crt0.o /usr/lib/gcc/x86_64-pc-cygwin/7.3.0/crtbegin.o -L/usr/lib/gcc/x86_64-pc-cygwin/7.3.0 -L/usr/x86_64-pc-cygwin/lib -L/usr/lib --enable-auto-import CMakeFiles/cmTC_20cbc.dir/CMakeCXXCompilerABI.cpp.o --out-implib libcmTC_20cbc.dll.a --major-image-version 0 --minor-image-version 0 -lstdc++ -liconv -lgcc_s -lgcc -lcygwin -ladvapi32 -lshell32 -luser32 -lkernel32 -lgcc_s -lgcc -lcygwin /usr/lib/default-manifest.o /usr/lib/gcc/x86_64-pc-cygwin/7.3.0/crtend.o
make[1]: Leaving directory '/cygdrive/c/Users/31409/CLionProjects/program3/cmake-build-debug/CMakeFiles/CMakeTmp'


Parsed CXX implicit link information from above output:
  link line regex: [^( *|.*[/\])(ld\.exe|CMAKE_LINK_STARTFILE-NOTFOUND|([^/\]+-)?ld|collect2)[^/\]*( |$)]
  ignore line: [Change Dir: /cygdrive/c/Users/31409/CLionProjects/program3/cmake-build-debug/CMakeFiles/CMakeTmp]
  ignore line: []
  ignore line: [Run Build Command:"/usr/bin/make.exe" "cmTC_20cbc/fast"]
  ignore line: [/usr/bin/make -f CMakeFiles/cmTC_20cbc.dir/build.make CMakeFiles/cmTC_20cbc.dir/build]
  ignore line: [make[1]: Entering directory '/cygdrive/c/Users/31409/CLionProjects/program3/cmake-build-debug/CMakeFiles/CMakeTmp']
  ignore line: [Building CXX object CMakeFiles/cmTC_20cbc.dir/CMakeCXXCompilerABI.cpp.o]
  ignore line: [/cygdrive/c/cygwin64/bin/clang++     -o CMakeFiles/cmTC_20cbc.dir/CMakeCXXCompilerABI.cpp.o -c /cygdrive/c/Users/31409/.CLion2018.2/system/cygwin_cmake/share/cmake-3.12.3/Modules/CMakeCXXCompilerABI.cpp]
  ignore line: [Linking CXX executable cmTC_20cbc.exe]
  ignore line: [/cygdrive/c/Users/31409/.CLion2018.2/system/cygwin_cmake/bin/cmake.exe -E cmake_link_script CMakeFiles/cmTC_20cbc.dir/link.txt --verbose=1]
  ignore line: [/cygdrive/c/cygwin64/bin/clang++    -Wl,--enable-auto-import -v CMakeFiles/cmTC_20cbc.dir/CMakeCXXCompilerABI.cpp.o  -o cmTC_20cbc.exe -Wl,--out-implib,libcmTC_20cbc.dll.a -Wl,--major-image-version,0,--minor-image-version,0 ]
  ignore line: [clang version 5.0.1 (tags/RELEASE_501/final)]
  ignore line: [Target: x86_64-unknown-windows-cygnus]
  ignore line: [Thread model: posix]
  ignore line: [InstalledDir: /cygdrive/c/cygwin64/bin]
  link line: [ "/cygdrive/c/cygwin64/bin/ld" -m i386pep --wrap _Znwm --wrap _Znam --wrap _ZnwmRKSt9nothrow_t --wrap _ZnamRKSt9nothrow_t --wrap _ZdlPv --wrap _ZdaPv --wrap _ZdlPvRKSt9nothrow_t --wrap _ZdaPvKSt9nothrow_t -Bdynamic --tsaware -o cmTC_20cbc.exe /usr/lib/crt0.o /usr/lib/gcc/x86_64-pc-cygwin/7.3.0/crtbegin.o -L/usr/lib/gcc/x86_64-pc-cygwin/7.3.0 -L/usr/x86_64-pc-cygwin/lib -L/usr/lib --enable-auto-import CMakeFiles/cmTC_20cbc.dir/CMakeCXXCompilerABI.cpp.o --out-implib libcmTC_20cbc.dll.a --major-image-version 0 --minor-image-version 0 -lstdc++ -liconv -lgcc_s -lgcc -lcygwin -ladvapi32 -lshell32 -luser32 -lkernel32 -lgcc_s -lgcc -lcygwin /usr/lib/default-manifest.o /usr/lib/gcc/x86_64-pc-cygwin/7.3.0/crtend.o]
    arg [/cygdrive/c/cygwin64/bin/ld] ==> ignore
    arg [-m] ==> ignore
    arg [i386pep] ==> ignore
    arg [--wrap] ==> ignore
    arg [_Znwm] ==> ignore
    arg [--wrap] ==> ignore
    arg [_Znam] ==> ignore
    arg [--wrap] ==> ignore
    arg [_ZnwmRKSt9nothrow_t] ==> ignore
    arg [--wrap] ==> ignore
    arg [_ZnamRKSt9nothrow_t] ==> ignore
    arg [--wrap] ==> ignore
    arg [_ZdlPv] ==> ignore
    arg [--wrap] ==> ignore
    arg [_ZdaPv] ==> ignore
    arg [--wrap] ==> ignore
    arg [_ZdlPvRKSt9nothrow_t] ==> ignore
    arg [--wrap] ==> ignore
    arg [_ZdaPvKSt9nothrow_t] ==> ignore
    arg [-Bdynamic] ==> ignore
    arg [--tsaware] ==> ignore
    arg [-o] ==> ignore
    arg [cmTC_20cbc.exe] ==> ignore
    arg [/usr/lib/crt0.o] ==> ignore
    arg [/usr/lib/gcc/x86_64-pc-cygwin/7.3.0/crtbegin.o] ==> ignore
    arg [-L/usr/lib/gcc/x86_64-pc-cygwin/7.3.0] ==> dir [/usr/lib/gcc/x86_64-pc-cygwin/7.3.0]
    arg [-L/usr/x86_64-pc-cygwin/lib] ==> dir [/usr/x86_64-pc-cygwin/lib]
    arg [-L/usr/lib] ==> dir [/usr/lib]
    arg [--enable-auto-import] ==> ignore
    arg [CMakeFiles/cmTC_20cbc.dir/CMakeCXXCompilerABI.cpp.o] ==> ignore
    arg [--out-implib] ==> ignore
    arg [libcmTC_20cbc.dll.a] ==> ignore
    arg [--major-image-version] ==> ignore
    arg [0] ==> ignore
    arg [--minor-image-version] ==> ignore
    arg [0] ==> ignore
    arg [-lstdc++] ==> lib [stdc++]
    arg [-liconv] ==> lib [iconv]
    arg [-lgcc_s] ==> lib [gcc_s]
    arg [-lgcc] ==> lib [gcc]
    arg [-lcygwin] ==> lib [cygwin]
    arg [-ladvapi32] ==> lib [advapi32]
    arg [-lshell32] ==> lib [shell32]
    arg [-luser32] ==> lib [user32]
    arg [-lkernel32] ==> lib [kernel32]
    arg [-lgcc_s] ==> lib [gcc_s]
    arg [-lgcc] ==> lib [gcc]
    arg [-lcygwin] ==> lib [cygwin]
    arg [/usr/lib/default-manifest.o] ==> ignore
    arg [/usr/lib/gcc/x86_64-pc-cygwin/7.3.0/crtend.o] ==> ignore
  collapse library dir [/usr/lib/gcc/x86_64-pc-cygwin/7.3.0] ==> [/usr/lib/gcc/x86_64-pc-cygwin/7.3.0]
  collapse library dir [/usr/x86_64-pc-cygwin/lib] ==> [/usr/x86_64-pc-cygwin/lib]
  collapse library dir [/usr/lib] ==> [/usr/lib]
  implicit libs: [stdc++;iconv;gcc_s;gcc;cygwin;advapi32;shell32;user32;kernel32;gcc_s;gcc;cygwin]
  implicit dirs: [/usr/lib/gcc/x86_64-pc-cygwin/7.3.0;/usr/x86_64-pc-cygwin/lib;/usr/lib]
  implicit fwks: []




Detecting CXX [-std=c++2a] compiler features compiled with the following output:
Change Dir: /cygdrive/c/Users/31409/CLionProjects/program3/cmake-build-debug/CMakeFiles/CMakeTmp

Run Build Command:"/usr/bin/make.exe" "cmTC_e3ab2/fast"
/usr/bin/make -f CMakeFiles/cmTC_e3ab2.dir/build.make CMakeFiles/cmTC_e3ab2.dir/build
make[1]: Entering directory '/cygdrive/c/Users/31409/CLionProjects/program3/cmake-build-debug/CMakeFiles/CMakeTmp'
Building CXX object CMakeFiles/cmTC_e3ab2.dir/feature_tests.cxx.o
/cygdrive/c/cygwin64/bin/clang++    -std=c++2a -o CMakeFiles/cmTC_e3ab2.dir/feature_tests.cxx.o -c /cygdrive/c/Users/31409/CLionProjects/program3/cmake-build-debug/CMakeFiles/feature_tests.cxx
Linking CXX executable cmTC_e3ab2.exe
/cygdrive/c/Users/31409/.CLion2018.2/system/cygwin_cmake/bin/cmake.exe -E cmake_link_script CMakeFiles/cmTC_e3ab2.dir/link.txt --verbose=1
/cygdrive/c/cygwin64/bin/clang++    -Wl,--enable-auto-import  CMakeFiles/cmTC_e3ab2.dir/feature_tests.cxx.o  -o cmTC_e3ab2.exe -Wl,--out-implib,libcmTC_e3ab2.dll.a -Wl,--major-image-version,0,--minor-image-version,0 
make[1]: Leaving directory '/cygdrive/c/Users/31409/CLionProjects/program3/cmake-build-debug/CMakeFiles/CMakeTmp'


    Feature record: CXX_FEATURE:1cxx_aggregate_default_initializers
    Feature record: CXX_FEATURE:1cxx_alias_templates
    Feature record: CXX_FEATURE:1cxx_alignas
    Feature record: CXX_FEATURE:1cxx_alignof
    Feature record: CXX_FEATURE:1cxx_attributes
    Feature record: CXX_FEATURE:1cxx_attribute_deprecated
    Feature record: CXX_FEATURE:1cxx_auto_type
    Feature record: CXX_FEATURE:1cxx_binary_literals
    Feature record: CXX_FEATURE:1cxx_constexpr
    Feature record: CXX_FEATURE:1cxx_contextual_conversions
    Feature record: CXX_FEATURE:1cxx_decltype
    Feature record: CXX_FEATURE:1cxx_decltype_auto
    Feature record: CXX_FEATURE:1cxx_decltype_incomplete_return_types
    Feature record: CXX_FEATURE:1cxx_default_function_template_args
    Feature record: CXX_FEATURE:1cxx_defaulted_functions
    Feature record: CXX_FEATURE:1cxx_defaulted_move_initializers
    Feature record: CXX_FEATURE:1cxx_delegating_constructors
    Feature record: CXX_FEATURE:1cxx_deleted_functions
    Feature record: CXX_FEATURE:1cxx_digit_separators
    Feature record: CXX_FEATURE:1cxx_enum_forward_declarations
    Feature record: CXX_FEATURE:1cxx_explicit_conversions
    Feature record: CXX_FEATURE:1cxx_extended_friend_declarations
    Feature record: CXX_FEATURE:1cxx_extern_templates
    Feature record: CXX_FEATURE:1cxx_final
    Feature record: CXX_FEATURE:1cxx_func_identifier
    Feature record: CXX_FEATURE:1cxx_generalized_initializers
    Feature record: CXX_FEATURE:1cxx_generic_lambdas
    Feature record: CXX_FEATURE:1cxx_inheriting_constructors
    Feature record: CXX_FEATURE:1cxx_inline_namespaces
    Feature record: CXX_FEATURE:1cxx_lambdas
    Feature record: CXX_FEATURE:1cxx_lambda_init_captures
    Feature record: CXX_FEATURE:1cxx_local_type_template_args
    Feature record: CXX_FEATURE:1cxx_long_long_type
    Feature record: CXX_FEATURE:1cxx_noexcept
    Feature record: CXX_FEATURE:1cxx_nonstatic_member_init
    Feature record: CXX_FEATURE:1cxx_nullptr
    Feature record: CXX_FEATURE:1cxx_override
    Feature record: CXX_FEATURE:1cxx_range_for
    Feature record: CXX_FEATURE:1cxx_raw_string_literals
    Feature record: CXX_FEATURE:1cxx_reference_qualified_functions
    Feature record: CXX_FEATURE:1cxx_relaxed_constexpr
    Feature record: CXX_FEATURE:1cxx_return_type_deduction
    Feature record: CXX_FEATURE:1cxx_right_angle_brackets
    Feature record: CXX_FEATURE:1cxx_rvalue_references
    Feature record: CXX_FEATURE:1cxx_sizeof_member
    Feature record: CXX_FEATURE:1cxx_static_assert
    Feature record: CXX_FEATURE:1cxx_strong_enums
    Feature record: CXX_FEATURE:1cxx_template_template_parameters
    Feature record: CXX_FEATURE:1cxx_thread_local
    Feature record: CXX_FEATURE:1cxx_trailing_return_types
    Feature record: CXX_FEATURE:1cxx_unicode_literals
    Feature record: CXX_FEATURE:1cxx_uniform_initialization
    Feature record: CXX_FEATURE:1cxx_unrestricted_unions
    Feature record: CXX_FEATURE:1cxx_user_literals
    Feature record: CXX_FEATURE:1cxx_variable_templates
    Feature record: CXX_FEATURE:1cxx_variadic_macros
    Feature record: CXX_FEATURE:1cxx_variadic_templates


Detecting CXX [-std=c++17] compiler features compiled with the following output:
Change Dir: /cygdrive/c/Users/31409/CLionProjects/program3/cmake-build-debug/CMakeFiles/CMakeTmp

Run Build Command:"/usr/bin/make.exe" "cmTC_1cf72/fast"
/usr/bin/make -f CMakeFiles/cmTC_1cf72.dir/build.make CMakeFiles/cmTC_1cf72.dir/build
make[1]: Entering directory '/cygdrive/c/Users/31409/CLionProjects/program3/cmake-build-debug/CMakeFiles/CMakeTmp'
Building CXX object CMakeFiles/cmTC_1cf72.dir/feature_tests.cxx.o
/cygdrive/c/cygwin64/bin/clang++    -std=c++17 -o CMakeFiles/cmTC_1cf72.dir/feature_tests.cxx.o -c /cygdrive/c/Users/31409/CLionProjects/program3/cmake-build-debug/CMakeFiles/feature_tests.cxx
Linking CXX executable cmTC_1cf72.exe
/cygdrive/c/Users/31409/.CLion2018.2/system/cygwin_cmake/bin/cmake.exe -E cmake_link_script CMakeFiles/cmTC_1cf72.dir/link.txt --verbose=1
/cygdrive/c/cygwin64/bin/clang++    -Wl,--enable-auto-import  CMakeFiles/cmTC_1cf72.dir/feature_tests.cxx.o  -o cmTC_1cf72.exe -Wl,--out-implib,libcmTC_1cf72.dll.a -Wl,--major-image-version,0,--minor-image-version,0 
make[1]: Leaving directory '/cygdrive/c/Users/31409/CLionProjects/program3/cmake-build-debug/CMakeFiles/CMakeTmp'


    Feature record: CXX_FEATURE:1cxx_aggregate_default_initializers
    Feature record: CXX_FEATURE:1cxx_alias_templates
    Feature record: CXX_FEATURE:1cxx_alignas
    Feature record: CXX_FEATURE:1cxx_alignof
    Feature record: CXX_FEATURE:1cxx_attributes
    Feature record: CXX_FEATURE:1cxx_attribute_deprecated
    Feature record: CXX_FEATURE:1cxx_auto_type
    Feature record: CXX_FEATURE:1cxx_binary_literals
    Feature record: CXX_FEATURE:1cxx_constexpr
    Feature record: CXX_FEATURE:1cxx_contextual_conversions
    Feature record: CXX_FEATURE:1cxx_decltype
    Feature record: CXX_FEATURE:1cxx_decltype_auto
    Feature record: CXX_FEATURE:1cxx_decltype_incomplete_return_types
    Feature record: CXX_FEATURE:1cxx_default_function_template_args
    Feature record: CXX_FEATURE:1cxx_defaulted_functions
    Feature record: CXX_FEATURE:1cxx_defaulted_move_initializers
    Feature record: CXX_FEATURE:1cxx_delegating_constructors
    Feature record: CXX_FEATURE:1cxx_deleted_functions
    Feature record: CXX_FEATURE:1cxx_digit_separators
    Feature record: CXX_FEATURE:1cxx_enum_forward_declarations
    Feature record: CXX_FEATURE:1cxx_explicit_conversions
    Feature record: CXX_FEATURE:1cxx_extended_friend_declarations
    Feature record: CXX_FEATURE:1cxx_extern_templates
    Feature record: CXX_FEATURE:1cxx_final
    Feature record: CXX_FEATURE:1cxx_func_identifier
    Feature record: CXX_FEATURE:1cxx_generalized_initializers
    Feature record: CXX_FEATURE:1cxx_generic_lambdas
    Feature record: CXX_FEATURE:1cxx_inheriting_constructors
    Feature record: CXX_FEATURE:1cxx_inline_namespaces
    Feature record: CXX_FEATURE:1cxx_lambdas
    Feature record: CXX_FEATURE:1cxx_lambda_init_captures
    Feature record: CXX_FEATURE:1cxx_local_type_template_args
    Feature record: CXX_FEATURE:1cxx_long_long_type
    Feature record: CXX_FEATURE:1cxx_noexcept
    Feature record: CXX_FEATURE:1cxx_nonstatic_member_init
    Feature record: CXX_FEATURE:1cxx_nullptr
    Feature record: CXX_FEATURE:1cxx_override
    Feature record: CXX_FEATURE:1cxx_range_for
    Feature record: CXX_FEATURE:1cxx_raw_string_literals
    Feature record: CXX_FEATURE:1cxx_reference_qualified_functions
    Feature record: CXX_FEATURE:1cxx_relaxed_constexpr
    Feature record: CXX_FEATURE:1cxx_return_type_deduction
    Feature record: CXX_FEATURE:1cxx_right_angle_brackets
    Feature record: CXX_FEATURE:1cxx_rvalue_references
    Feature record: CXX_FEATURE:1cxx_sizeof_member
    Feature record: CXX_FEATURE:1cxx_static_assert
    Feature record: CXX_FEATURE:1cxx_strong_enums
    Feature record: CXX_FEATURE:1cxx_template_template_parameters
    Feature record: CXX_FEATURE:1cxx_thread_local
    Feature record: CXX_FEATURE:1cxx_trailing_return_types
    Feature record: CXX_FEATURE:1cxx_unicode_literals
    Feature record: CXX_FEATURE:1cxx_uniform_initialization
    Feature record: CXX_FEATURE:1cxx_unrestricted_unions
    Feature record: CXX_FEATURE:1cxx_user_literals
    Feature record: CXX_FEATURE:1cxx_variable_templates
    Feature record: CXX_FEATURE:1cxx_variadic_macros
    Feature record: CXX_FEATURE:1cxx_variadic_templates


Detecting CXX [-std=c++14] compiler features compiled with the following output:
Change Dir: /cygdrive/c/Users/31409/CLionProjects/program3/cmake-build-debug/CMakeFiles/CMakeTmp

Run Build Command:"/usr/bin/make.exe" "cmTC_80d98/fast"
/usr/bin/make -f CMakeFiles/cmTC_80d98.dir/build.make CMakeFiles/cmTC_80d98.dir/build
make[1]: Entering directory '/cygdrive/c/Users/31409/CLionProjects/program3/cmake-build-debug/CMakeFiles/CMakeTmp'
Building CXX object CMakeFiles/cmTC_80d98.dir/feature_tests.cxx.o
/cygdrive/c/cygwin64/bin/clang++    -std=c++14 -o CMakeFiles/cmTC_80d98.dir/feature_tests.cxx.o -c /cygdrive/c/Users/31409/CLionProjects/program3/cmake-build-debug/CMakeFiles/feature_tests.cxx
Linking CXX executable cmTC_80d98.exe
/cygdrive/c/Users/31409/.CLion2018.2/system/cygwin_cmake/bin/cmake.exe -E cmake_link_script CMakeFiles/cmTC_80d98.dir/link.txt --verbose=1
/cygdrive/c/cygwin64/bin/clang++    -Wl,--enable-auto-import  CMakeFiles/cmTC_80d98.dir/feature_tests.cxx.o  -o cmTC_80d98.exe -Wl,--out-implib,libcmTC_80d98.dll.a -Wl,--major-image-version,0,--minor-image-version,0 
make[1]: Leaving directory '/cygdrive/c/Users/31409/CLionProjects/program3/cmake-build-debug/CMakeFiles/CMakeTmp'


    Feature record: CXX_FEATURE:1cxx_aggregate_default_initializers
    Feature record: CXX_FEATURE:1cxx_alias_templates
    Feature record: CXX_FEATURE:1cxx_alignas
    Feature record: CXX_FEATURE:1cxx_alignof
    Feature record: CXX_FEATURE:1cxx_attributes
    Feature record: CXX_FEATURE:1cxx_attribute_deprecated
    Feature record: CXX_FEATURE:1cxx_auto_type
    Feature record: CXX_FEATURE:1cxx_binary_literals
    Feature record: CXX_FEATURE:1cxx_constexpr
    Feature record: CXX_FEATURE:1cxx_contextual_conversions
    Feature record: CXX_FEATURE:1cxx_decltype
    Feature record: CXX_FEATURE:1cxx_decltype_auto
    Feature record: CXX_FEATURE:1cxx_decltype_incomplete_return_types
    Feature record: CXX_FEATURE:1cxx_default_function_template_args
    Feature record: CXX_FEATURE:1cxx_defaulted_functions
    Feature record: CXX_FEATURE:1cxx_defaulted_move_initializers
    Feature record: CXX_FEATURE:1cxx_delegating_constructors
    Feature record: CXX_FEATURE:1cxx_deleted_functions
    Feature record: CXX_FEATURE:1cxx_digit_separators
    Feature record: CXX_FEATURE:1cxx_enum_forward_declarations
    Feature record: CXX_FEATURE:1cxx_explicit_conversions
    Feature record: CXX_FEATURE:1cxx_extended_friend_declarations
    Feature record: CXX_FEATURE:1cxx_extern_templates
    Feature record: CXX_FEATURE:1cxx_final
    Feature record: CXX_FEATURE:1cxx_func_identifier
    Feature record: CXX_FEATURE:1cxx_generalized_initializers
    Feature record: CXX_FEATURE:1cxx_generic_lambdas
    Feature record: CXX_FEATURE:1cxx_inheriting_constructors
    Feature record: CXX_FEATURE:1cxx_inline_namespaces
    Feature record: CXX_FEATURE:1cxx_lambdas
    Feature record: CXX_FEATURE:1cxx_lambda_init_captures
    Feature record: CXX_FEATURE:1cxx_local_type_template_args
    Feature record: CXX_FEATURE:1cxx_long_long_type
    Feature record: CXX_FEATURE:1cxx_noexcept
    Feature record: CXX_FEATURE:1cxx_nonstatic_member_init
    Feature record: CXX_FEATURE:1cxx_nullptr
    Feature record: CXX_FEATURE:1cxx_override
    Feature record: CXX_FEATURE:1cxx_range_for
    Feature record: CXX_FEATURE:1cxx_raw_string_literals
    Feature record: CXX_FEATURE:1cxx_reference_qualified_functions
    Feature record: CXX_FEATURE:1cxx_relaxed_constexpr
    Feature record: CXX_FEATURE:1cxx_return_type_deduction
    Feature record: CXX_FEATURE:1cxx_right_angle_brackets
    Feature record: CXX_FEATURE:1cxx_rvalue_references
    Feature record: CXX_FEATURE:1cxx_sizeof_member
    Feature record: CXX_FEATURE:1cxx_static_assert
    Feature record: CXX_FEATURE:1cxx_strong_enums
    Feature record: CXX_FEATURE:1cxx_template_template_parameters
    Feature record: CXX_FEATURE:1cxx_thread_local
    Feature record: CXX_FEATURE:1cxx_trailing_return_types
    Feature record: CXX_FEATURE:1cxx_unicode_literals
    Feature record: CXX_FEATURE:1cxx_uniform_initialization
    Feature record: CXX_FEATURE:1cxx_unrestricted_unions
    Feature record: CXX_FEATURE:1cxx_user_literals
    Feature record: CXX_FEATURE:1cxx_variable_templates
    Feature record: CXX_FEATURE:1cxx_variadic_macros
    Feature record: CXX_FEATURE:1cxx_variadic_templates


Detecting CXX [-std=c++11] compiler features compiled with the following output:
Change Dir: /cygdrive/c/Users/31409/CLionProjects/program3/cmake-build-debug/CMakeFiles/CMakeTmp

Run Build Command:"/usr/bin/make.exe" "cmTC_77be6/fast"
/usr/bin/make -f CMakeFiles/cmTC_77be6.dir/build.make CMakeFiles/cmTC_77be6.dir/build
make[1]: Entering directory '/cygdrive/c/Users/31409/CLionProjects/program3/cmake-build-debug/CMakeFiles/CMakeTmp'
Building CXX object CMakeFiles/cmTC_77be6.dir/feature_tests.cxx.o
/cygdrive/c/cygwin64/bin/clang++    -std=c++11 -o CMakeFiles/cmTC_77be6.dir/feature_tests.cxx.o -c /cygdrive/c/Users/31409/CLionProjects/program3/cmake-build-debug/CMakeFiles/feature_tests.cxx
Linking CXX executable cmTC_77be6.exe
/cygdrive/c/Users/31409/.CLion2018.2/system/cygwin_cmake/bin/cmake.exe -E cmake_link_script CMakeFiles/cmTC_77be6.dir/link.txt --verbose=1
/cygdrive/c/cygwin64/bin/clang++    -Wl,--enable-auto-import  CMakeFiles/cmTC_77be6.dir/feature_tests.cxx.o  -o cmTC_77be6.exe -Wl,--out-implib,libcmTC_77be6.dll.a -Wl,--major-image-version,0,--minor-image-version,0 
make[1]: Leaving directory '/cygdrive/c/Users/31409/CLionProjects/program3/cmake-build-debug/CMakeFiles/CMakeTmp'


    Feature record: CXX_FEATURE:0cxx_aggregate_default_initializers
    Feature record: CXX_FEATURE:1cxx_alias_templates
    Feature record: CXX_FEATURE:1cxx_alignas
    Feature record: CXX_FEATURE:1cxx_alignof
    Feature record: CXX_FEATURE:1cxx_attributes
    Feature record: CXX_FEATURE:0cxx_attribute_deprecated
    Feature record: CXX_FEATURE:1cxx_auto_type
    Feature record: CXX_FEATURE:0cxx_binary_literals
    Feature record: CXX_FEATURE:1cxx_constexpr
    Feature record: CXX_FEATURE:0cxx_contextual_conversions
    Feature record: CXX_FEATURE:1cxx_decltype
    Feature record: CXX_FEATURE:0cxx_decltype_auto
    Feature record: CXX_FEATURE:1cxx_decltype_incomplete_return_types
    Feature record: CXX_FEATURE:1cxx_default_function_template_args
    Feature record: CXX_FEATURE:1cxx_defaulted_functions
    Feature record: CXX_FEATURE:1cxx_defaulted_move_initializers
    Feature record: CXX_FEATURE:1cxx_delegating_constructors
    Feature record: CXX_FEATURE:1cxx_deleted_functions
    Feature record: CXX_FEATURE:0cxx_digit_separators
    Feature record: CXX_FEATURE:1cxx_enum_forward_declarations
    Feature record: CXX_FEATURE:1cxx_explicit_conversions
    Feature record: CXX_FEATURE:1cxx_extended_friend_declarations
    Feature record: CXX_FEATURE:1cxx_extern_templates
    Feature record: CXX_FEATURE:1cxx_final
    Feature record: CXX_FEATURE:1cxx_func_identifier
    Feature record: CXX_FEATURE:1cxx_generalized_initializers
    Feature record: CXX_FEATURE:0cxx_generic_lambdas
    Feature record: CXX_FEATURE:1cxx_inheriting_constructors
    Feature record: CXX_FEATURE:1cxx_inline_namespaces
    Feature record: CXX_FEATURE:1cxx_lambdas
    Feature record: CXX_FEATURE:0cxx_lambda_init_captures
    Feature record: CXX_FEATURE:1cxx_local_type_template_args
    Feature record: CXX_FEATURE:1cxx_long_long_type
    Feature record: CXX_FEATURE:1cxx_noexcept
    Feature record: CXX_FEATURE:1cxx_nonstatic_member_init
    Feature record: CXX_FEATURE:1cxx_nullptr
    Feature record: CXX_FEATURE:1cxx_override
    Feature record: CXX_FEATURE:1cxx_range_for
    Feature record: CXX_FEATURE:1cxx_raw_string_literals
    Feature record: CXX_FEATURE:1cxx_reference_qualified_functions
    Feature record: CXX_FEATURE:0cxx_relaxed_constexpr
    Feature record: CXX_FEATURE:0cxx_return_type_deduction
    Feature record: CXX_FEATURE:1cxx_right_angle_brackets
    Feature record: CXX_FEATURE:1cxx_rvalue_references
    Feature record: CXX_FEATURE:1cxx_sizeof_member
    Feature record: CXX_FEATURE:1cxx_static_assert
    Feature record: CXX_FEATURE:1cxx_strong_enums
    Feature record: CXX_FEATURE:1cxx_template_template_parameters
    Feature record: CXX_FEATURE:1cxx_thread_local
    Feature record: CXX_FEATURE:1cxx_trailing_return_types
    Feature record: CXX_FEATURE:1cxx_unicode_literals
    Feature record: CXX_FEATURE:1cxx_uniform_initialization
    Feature record: CXX_FEATURE:1cxx_unrestricted_unions
    Feature record: CXX_FEATURE:1cxx_user_literals
    Feature record: CXX_FEATURE:0cxx_variable_templates
    Feature record: CXX_FEATURE:1cxx_variadic_macros
    Feature record: CXX_FEATURE:1cxx_variadic_templates


Detecting CXX [-std=c++98] compiler features compiled with the following output:
Change Dir: /cygdrive/c/Users/31409/CLionProjects/program3/cmake-build-debug/CMakeFiles/CMakeTmp

Run Build Command:"/usr/bin/make.exe" "cmTC_6003f/fast"
/usr/bin/make -f CMakeFiles/cmTC_6003f.dir/build.make CMakeFiles/cmTC_6003f.dir/build
make[1]: Entering directory '/cygdrive/c/Users/31409/CLionProjects/program3/cmake-build-debug/CMakeFiles/CMakeTmp'
Building CXX object CMakeFiles/cmTC_6003f.dir/feature_tests.cxx.o
/cygdrive/c/cygwin64/bin/clang++    -std=c++98 -o CMakeFiles/cmTC_6003f.dir/feature_tests.cxx.o -c /cygdrive/c/Users/31409/CLionProjects/program3/cmake-build-debug/CMakeFiles/feature_tests.cxx
Linking CXX executable cmTC_6003f.exe
/cygdrive/c/Users/31409/.CLion2018.2/system/cygwin_cmake/bin/cmake.exe -E cmake_link_script CMakeFiles/cmTC_6003f.dir/link.txt --verbose=1
/cygdrive/c/cygwin64/bin/clang++    -Wl,--enable-auto-import  CMakeFiles/cmTC_6003f.dir/feature_tests.cxx.o  -o cmTC_6003f.exe -Wl,--out-implib,libcmTC_6003f.dll.a -Wl,--major-image-version,0,--minor-image-version,0 
make[1]: Leaving directory '/cygdrive/c/Users/31409/CLionProjects/program3/cmake-build-debug/CMakeFiles/CMakeTmp'


    Feature record: CXX_FEATURE:0cxx_aggregate_default_initializers
    Feature record: CXX_FEATURE:0cxx_alias_templates
    Feature record: CXX_FEATURE:0cxx_alignas
    Feature record: CXX_FEATURE:0cxx_alignof
    Feature record: CXX_FEATURE:0cxx_attributes
    Feature record: CXX_FEATURE:0cxx_attribute_deprecated
    Feature record: CXX_FEATURE:0cxx_auto_type
    Feature record: CXX_FEATURE:0cxx_binary_literals
    Feature record: CXX_FEATURE:0cxx_constexpr
    Feature record: CXX_FEATURE:0cxx_contextual_conversions
    Feature record: CXX_FEATURE:0cxx_decltype
    Feature record: CXX_FEATURE:0cxx_decltype_auto
    Feature record: CXX_FEATURE:0cxx_decltype_incomplete_return_types
    Feature record: CXX_FEATURE:0cxx_default_function_template_args
    Feature record: CXX_FEATURE:0cxx_defaulted_functions
    Feature record: CXX_FEATURE:0cxx_defaulted_move_initializers
    Feature record: CXX_FEATURE:0cxx_delegating_constructors
    Feature record: CXX_FEATURE:0cxx_deleted_functions
    Feature record: CXX_FEATURE:0cxx_digit_separators
    Feature record: CXX_FEATURE:0cxx_enum_forward_declarations
    Feature record: CXX_FEATURE:0cxx_explicit_conversions
    Feature record: CXX_FEATURE:0cxx_extended_friend_declarations
    Feature record: CXX_FEATURE:0cxx_extern_templates
    Feature record: CXX_FEATURE:0cxx_final
    Feature record: CXX_FEATURE:0cxx_func_identifier
    Feature record: CXX_FEATURE:0cxx_generalized_initializers
    Feature record: CXX_FEATURE:0cxx_generic_lambdas
    Feature record: CXX_FEATURE:0cxx_inheriting_constructors
    Feature record: CXX_FEATURE:0cxx_inline_namespaces
    Feature record: CXX_FEATURE:0cxx_lambdas
    Feature record: CXX_FEATURE:0cxx_lambda_init_captures
    Feature record: CXX_FEATURE:0cxx_local_type_template_args
    Feature record: CXX_FEATURE:0cxx_long_long_type
    Feature record: CXX_FEATURE:0cxx_noexcept
    Feature record: CXX_FEATURE:0cxx_nonstatic_member_init
    Feature record: CXX_FEATURE:0cxx_nullptr
    Feature record: CXX_FEATURE:0cxx_override
    Feature record: CXX_FEATURE:0cxx_range_for
    Feature record: CXX_FEATURE:0cxx_raw_string_literals
    Feature record: CXX_FEATURE:0cxx_reference_qualified_functions
    Feature record: CXX_FEATURE:0cxx_relaxed_constexpr
    Feature record: CXX_FEATURE:0cxx_return_type_deduction
    Feature record: CXX_FEATURE:0cxx_right_angle_brackets
    Feature record: CXX_FEATURE:0cxx_rvalue_references
    Feature record: CXX_FEATURE:0cxx_sizeof_member
    Feature record: CXX_FEATURE:0cxx_static_assert
    Feature record: CXX_FEATURE:0cxx_strong_enums
    Feature record: CXX_FEATURE:1cxx_template_template_parameters
    Feature record: CXX_FEATURE:0cxx_thread_local
    Feature record: CXX_FEATURE:0cxx_trailing_return_types
    Feature record: CXX_FEATURE:0cxx_unicode_literals
    Feature record: CXX_FEATURE:0cxx_uniform_initialization
    Feature record: CXX_FEATURE:0cxx_unrestricted_unions
    Feature record: CXX_FEATURE:0cxx_user_literals
    Feature record: CXX_FEATURE:0cxx_variable_templates
    Feature record: CXX_FEATURE:0cxx_variadic_macros
    Feature record: CXX_FEATURE:0cxx_variadic_templates
The system is: CYGWIN - 3.0.7(0.338/5/3) - x86_64
Compiling the C compiler identification source file "CMakeCCompilerId.c" succeeded.
Compiler: /cygdrive/c/cygwin64/bin/clang 
Build flags: 
Id flags:  

The output was:
0


Compilation of the C compiler identification source "CMakeCCompilerId.c" produced "a.exe"

The C compiler identification is Clang, found in "/cygdrive/c/Users/31409/CLionProjects/program3/cmake-build-debug/CMakeFiles/3.15.3/CompilerIdC/a.exe"

Compiling the CXX compiler identification source file "CMakeCXXCompilerId.cpp" succeeded.
Compiler: /cygdrive/c/cygwin64/bin/clang++ 
Build flags: 
Id flags:  

The output was:
0


Compilation of the CXX compiler identification source "CMakeCXXCompilerId.cpp" produced "a.exe"

The CXX compiler identification is Clang, found in "/cygdrive/c/Users/31409/CLionProjects/program3/cmake-build-debug/CMakeFiles/3.15.3/CompilerIdCXX/a.exe"

Determining if the C compiler works passed with the following output:
Change Dir: /cygdrive/c/Users/31409/CLionProjects/program3/cmake-build-debug/CMakeFiles/CMakeTmp

Run Build Command(s):/usr/bin/make.exe cmTC_dce88/fast && /usr/bin/make -f CMakeFiles/cmTC_dce88.dir/build.make CMakeFiles/cmTC_dce88.dir/build
make[1]: Entering directory '/cygdrive/c/Users/31409/CLionProjects/program3/cmake-build-debug/CMakeFiles/CMakeTmp'
Building C object CMakeFiles/cmTC_dce88.dir/testCCompiler.c.o
/cygdrive/c/cygwin64/bin/clang    -o CMakeFiles/cmTC_dce88.dir/testCCompiler.c.o   -c /cygdrive/c/Users/31409/CLionProjects/program3/cmake-build-debug/CMakeFiles/CMakeTmp/testCCompiler.c
Linking C executable cmTC_dce88.exe
/cygdrive/c/Users/31409/.CLion2019.3/system/cygwin_cmake/bin/cmake.exe -E cmake_link_script CMakeFiles/cmTC_dce88.dir/link.txt --verbose=1
/cygdrive/c/cygwin64/bin/clang    -Wl,--enable-auto-import  CMakeFiles/cmTC_dce88.dir/testCCompiler.c.o  -o cmTC_dce88.exe -Wl,--out-implib,libcmTC_dce88.dll.a -Wl,--major-image-version,0,--minor-image-version,0 
make[1]: Leaving directory '/cygdrive/c/Users/31409/CLionProjects/program3/cmake-build-debug/CMakeFiles/CMakeTmp'



Detecting C compiler ABI info compiled with the following output:
Change Dir: /cygdrive/c/Users/31409/CLionProjects/program3/cmake-build-debug/CMakeFiles/CMakeTmp

Run Build Command(s):/usr/bin/make.exe cmTC_6ed26/fast && /usr/bin/make -f CMakeFiles/cmTC_6ed26.dir/build.make CMakeFiles/cmTC_6ed26.dir/build
make[1]: Entering directory '/cygdrive/c/Users/31409/CLionProjects/program3/cmake-build-debug/CMakeFiles/CMakeTmp'
Building C object CMakeFiles/cmTC_6ed26.dir/CMakeCCompilerABI.c.o
/cygdrive/c/cygwin64/bin/clang   -v -o CMakeFiles/cmTC_6ed26.dir/CMakeCCompilerABI.c.o   -c /cygdrive/c/Users/31409/.CLion2019.3/system/cygwin_cmake/share/cmake-3.15.3/Modules/CMakeCCompilerABI.c
clang version 8.0.1 (tags/RELEASE_801/final)
Target: x86_64-unknown-windows-cygnus
Thread model: posix
InstalledDir: /cygdrive/c/cygwin64/bin
 "/usr/bin/clang-8" -cc1 -triple x86_64-unknown-windows-cygnus -emit-obj -mrelax-all -disable-free -disable-llvm-verifier -discard-value-names -main-file-name CMakeCCompilerABI.c -mrelocation-model pic -pic-level 2 -mthread-model posix -fmath-errno -masm-verbose -mconstructor-aliases -munwind-tables -target-cpu x86-64 -dwarf-column-info -debugger-tuning=gdb -momit-leaf-frame-pointer -v -coverage-notes-file /cygdrive/c/Users/31409/CLionProjects/program3/cmake-build-debug/CMakeFiles/CMakeTmp/CMakeFiles/cmTC_6ed26.dir/CMakeCCompilerABI.c.gcno -resource-dir /usr/lib/clang/8.0.1 -internal-isystem /usr/lib/clang/8.0.1/include -internal-isystem /usr/local/include -internal-isystem /usr/lib/clang/8.0.1/include -internal-isystem /usr/x86_64-pc-cygwin/include -internal-isystem /usr/include -internal-isystem /usr/include/w32api -fdebug-compilation-dir /cygdrive/c/Users/31409/CLionProjects/program3/cmake-build-debug/CMakeFiles/CMakeTmp -ferror-limit 19 -fmessage-length 0 -fobjc-runtime=gcc -fseh-exceptions -fdiagnostics-show-option -o CMakeFiles/cmTC_6ed26.dir/CMakeCCompilerABI.c.o -x c /cygdrive/c/Users/31409/.CLion2019.3/system/cygwin_cmake/share/cmake-3.15.3/Modules/CMakeCCompilerABI.c -faddrsig
clang -cc1 version 8.0.1 based upon LLVM 8.0.1 default target x86_64-unknown-cygwin
ignoring nonexistent directory "/usr/local/include"
ignoring nonexistent directory "/usr/x86_64-pc-cygwin/include"
ignoring duplicate directory "/usr/lib/clang/8.0.1/include"
#include "..." search starts here:
#include <...> search starts here:
 /usr/lib/clang/8.0.1/include
 /usr/include
 /usr/include/w32api
End of search list.
Linking C executable cmTC_6ed26.exe
/cygdrive/c/Users/31409/.CLion2019.3/system/cygwin_cmake/bin/cmake.exe -E cmake_link_script CMakeFiles/cmTC_6ed26.dir/link.txt --verbose=1
/cygdrive/c/cygwin64/bin/clang    -Wl,--enable-auto-import -v CMakeFiles/cmTC_6ed26.dir/CMakeCCompilerABI.c.o  -o cmTC_6ed26.exe -Wl,--out-implib,libcmTC_6ed26.dll.a -Wl,--major-image-version,0,--minor-image-version,0 
clang version 8.0.1 (tags/RELEASE_801/final)
Target: x86_64-unknown-windows-cygnus
Thread model: posix
InstalledDir: /cygdrive/c/cygwin64/bin
 "/cygdrive/c/cygwin64/bin/ld" -m i386pep --wrap _Znwm --wrap _Znam --wrap _ZnwmRKSt9nothrow_t --wrap _ZnamRKSt9nothrow_t --wrap _ZdlPv --wrap _ZdaPv --wrap _ZdlPvRKSt9nothrow_t --wrap _ZdaPvKSt9nothrow_t -Bdynamic --tsaware -o cmTC_6ed26.exe /usr/lib/crt0.o /usr/lib/gcc/x86_64-pc-cygwin/7.4.0/crtbegin.o -L/usr/lib/gcc/x86_64-pc-cygwin/7.4.0 -L/usr/x86_64-pc-cygwin/lib -L/usr/lib -L/usr/lib/w32api --enable-auto-import CMakeFiles/cmTC_6ed26.dir/CMakeCCompilerABI.c.o --out-implib libcmTC_6ed26.dll.a --major-image-version 0 --minor-image-version 0 -lgcc_s -lgcc -lcygwin -ladvapi32 -lshell32 -luser32 -lkernel32 /usr/lib/default-manifest.o /usr/lib/gcc/x86_64-pc-cygwin/7.4.0/crtend.o
make[1]: Leaving directory '/cygdrive/c/Users/31409/CLionProjects/program3/cmake-build-debug/CMakeFiles/CMakeTmp'



Parsed C implicit include dir info from above output: rv=done
  found start of include info
  found start of implicit include info
    add: [/usr/lib/clang/8.0.1/include]
    add: [/usr/include]
    add: [/usr/include/w32api]
  end of search list found
  collapse include dir [/usr/lib/clang/8.0.1/include] ==> [/usr/lib/clang/8.0.1/include]
  collapse include dir [/usr/include] ==> [/usr/include]
  collapse include dir [/usr/include/w32api] ==> [/usr/include/w32api]
  implicit include dirs: [/usr/lib/clang/8.0.1/include;/usr/include;/usr/include/w32api]


Parsed C implicit link information from above output:
  link line regex: [^( *|.*[/\])(ld\.exe|CMAKE_LINK_STARTFILE-NOTFOUND|([^/\]+-)?ld|collect2)[^/\]*( |$)]
  ignore line: [Change Dir: /cygdrive/c/Users/31409/CLionProjects/program3/cmake-build-debug/CMakeFiles/CMakeTmp]
  ignore line: []
  ignore line: [Run Build Command(s):/usr/bin/make.exe cmTC_6ed26/fast && /usr/bin/make -f CMakeFiles/cmTC_6ed26.dir/build.make CMakeFiles/cmTC_6ed26.dir/build]
  ignore line: [make[1]: Entering directory '/cygdrive/c/Users/31409/CLionProjects/program3/cmake-build-debug/CMakeFiles/CMakeTmp']
  ignore line: [Building C object CMakeFiles/cmTC_6ed26.dir/CMakeCCompilerABI.c.o]
  ignore line: [/cygdrive/c/cygwin64/bin/clang   -v -o CMakeFiles/cmTC_6ed26.dir/CMakeCCompilerABI.c.o   -c /cygdrive/c/Users/31409/.CLion2019.3/system/cygwin_cmake/share/cmake-3.15.3/Modules/CMakeCCompilerABI.c]
  ignore line: [clang version 8.0.1 (tags/RELEASE_801/final)]
  ignore line: [Target: x86_64-unknown-windows-cygnus]
  ignore line: [Thread model: posix]
  ignore line: [InstalledDir: /cygdrive/c/cygwin64/bin]
  ignore line: [ "/usr/bin/clang-8" -cc1 -triple x86_64-unknown-windows-cygnus -emit-obj -mrelax-all -disable-free -disable-llvm-verifier -discard-value-names -main-file-name CMakeCCompilerABI.c -mrelocation-model pic -pic-level 2 -mthread-model posix -fmath-errno -masm-verbose -mconstructor-aliases -munwind-tables -target-cpu x86-64 -dwarf-column-info -debugger-tuning=gdb -momit-leaf-frame-pointer -v -coverage-notes-file /cygdrive/c/Users/31409/CLionProjects/program3/cmake-build-debug/CMakeFiles/CMakeTmp/CMakeFiles/cmTC_6ed26.dir/CMakeCCompilerABI.c.gcno -resource-dir /usr/lib/clang/8.0.1 -internal-isystem /usr/lib/clang/8.0.1/include -internal-isystem /usr/local/include -internal-isystem /usr/lib/clang/8.0.1/include -internal-isystem /usr/x86_64-pc-cygwin/include -internal-isystem /usr/include -internal-isystem /usr/include/w32api -fdebug-compilation-dir /cygdrive/c/Users/31409/CLionProjects/program3/cmake-build-debug/CMakeFiles/CMakeTmp -ferror-limit 19 -fmessage-length 0 -fobjc-runtime=gcc -fseh-exceptions -fdiagnostics-show-option -o CMakeFiles/cmTC_6ed26.dir/CMakeCCompilerABI.c.o -x c /cygdrive/c/Users/31409/.CLion2019.3/system/cygwin_cmake/share/cmake-3.15.3/Modules/CMakeCCompilerABI.c -faddrsig]
  ignore line: [clang -cc1 version 8.0.1 based upon LLVM 8.0.1 default target x86_64-unknown-cygwin]
  ignore line: [ignoring nonexistent directory "/usr/local/include"]
  ignore line: [ignoring nonexistent directory "/usr/x86_64-pc-cygwin/include"]
  ignore line: [ignoring duplicate directory "/usr/lib/clang/8.0.1/include"]
  ignore line: [#include "..." search starts here:]
  ignore line: [#include <...> search starts here:]
  ignore line: [ /usr/lib/clang/8.0.1/include]
  ignore line: [ /usr/include]
  ignore line: [ /usr/include/w32api]
  ignore line: [End of search list.]
  ignore line: [Linking C executable cmTC_6ed26.exe]
  ignore line: [/cygdrive/c/Users/31409/.CLion2019.3/system/cygwin_cmake/bin/cmake.exe -E cmake_link_script CMakeFiles/cmTC_6ed26.dir/link.txt --verbose=1]
  ignore line: [/cygdrive/c/cygwin64/bin/clang    -Wl,--enable-auto-import -v CMakeFiles/cmTC_6ed26.dir/CMakeCCompilerABI.c.o  -o cmTC_6ed26.exe -Wl,--out-implib,libcmTC_6ed26.dll.a -Wl,--major-image-version,0,--minor-image-version,0 ]
  ignore line: [clang version 8.0.1 (tags/RELEASE_801/final)]
  ignore line: [Target: x86_64-unknown-windows-cygnus]
  ignore line: [Thread model: posix]
  ignore line: [InstalledDir: /cygdrive/c/cygwin64/bin]
  link line: [ "/cygdrive/c/cygwin64/bin/ld" -m i386pep --wrap _Znwm --wrap _Znam --wrap _ZnwmRKSt9nothrow_t --wrap _ZnamRKSt9nothrow_t --wrap _ZdlPv --wrap _ZdaPv --wrap _ZdlPvRKSt9nothrow_t --wrap _ZdaPvKSt9nothrow_t -Bdynamic --tsaware -o cmTC_6ed26.exe /usr/lib/crt0.o /usr/lib/gcc/x86_64-pc-cygwin/7.4.0/crtbegin.o -L/usr/lib/gcc/x86_64-pc-cygwin/7.4.0 -L/usr/x86_64-pc-cygwin/lib -L/usr/lib -L/usr/lib/w32api --enable-auto-import CMakeFiles/cmTC_6ed26.dir/CMakeCCompilerABI.c.o --out-implib libcmTC_6ed26.dll.a --major-image-version 0 --minor-image-version 0 -lgcc_s -lgcc -lcygwin -ladvapi32 -lshell32 -luser32 -lkernel32 /usr/lib/default-manifest.o /usr/lib/gcc/x86_64-pc-cygwin/7.4.0/crtend.o]
    arg [/cygdrive/c/cygwin64/bin/ld] ==> ignore
    arg [-m] ==> ignore
    arg [i386pep] ==> ignore
    arg [--wrap] ==> ignore
    arg [_Znwm] ==> ignore
    arg [--wrap] ==> ignore
    arg [_Znam] ==> ignore
    arg [--wrap] ==> ignore
    arg [_ZnwmRKSt9nothrow_t] ==> ignore
    arg [--wrap] ==> ignore
    arg [_ZnamRKSt9nothrow_t] ==> ignore
    arg [--wrap] ==> ignore
    arg [_ZdlPv] ==> ignore
    arg [--wrap] ==> ignore
    arg [_ZdaPv] ==> ignore
    arg [--wrap] ==> ignore
    arg [_ZdlPvRKSt9nothrow_t] ==> ignore
    arg [--wrap] ==> ignore
    arg [_ZdaPvKSt9nothrow_t] ==> ignore
    arg [-Bdynamic] ==> ignore
    arg [--tsaware] ==> ignore
    arg [-o] ==> ignore
    arg [cmTC_6ed26.exe] ==> ignore
    arg [/usr/lib/crt0.o] ==> ignore
    arg [/usr/lib/gcc/x86_64-pc-cygwin/7.4.0/crtbegin.o] ==> ignore
    arg [-L/usr/lib/gcc/x86_64-pc-cygwin/7.4.0] ==> dir [/usr/lib/gcc/x86_64-pc-cygwin/7.4.0]
    arg [-L/usr/x86_64-pc-cygwin/lib] ==> dir [/usr/x86_64-pc-cygwin/lib]
    arg [-L/usr/lib] ==> dir [/usr/lib]
    arg [-L/usr/lib/w32api] ==> dir [/usr/lib/w32api]
    arg [--enable-auto-import] ==> ignore
    arg [CMakeFiles/cmTC_6ed26.dir/CMakeCCompilerABI.c.o] ==> ignore
    arg [--out-implib] ==> ignore
    arg [libcmTC_6ed26.dll.a] ==> ignore
    arg [--major-image-version] ==> ignore
    arg [0] ==> ignore
    arg [--minor-image-version] ==> ignore
    arg [0] ==> ignore
    arg [-lgcc_s] ==> lib [gcc_s]
    arg [-lgcc] ==> lib [gcc]
    arg [-lcygwin] ==> lib [cygwin]
    arg [-ladvapi32] ==> lib [advapi32]
    arg [-lshell32] ==> lib [shell32]
    arg [-luser32] ==> lib [user32]
    arg [-lkernel32] ==> lib [kernel32]
    arg [/usr/lib/default-manifest.o] ==> ignore
    arg [/usr/lib/gcc/x86_64-pc-cygwin/7.4.0/crtend.o] ==> ignore
  collapse library dir [/usr/lib/gcc/x86_64-pc-cygwin/7.4.0] ==> [/usr/lib/gcc/x86_64-pc-cygwin/7.4.0]
  collapse library dir [/usr/x86_64-pc-cygwin/lib] ==> [/usr/x86_64-pc-cygwin/lib]
  collapse library dir [/usr/lib] ==> [/usr/lib]
  collapse library dir [/usr/lib/w32api] ==> [/usr/lib/w32api]
  implicit libs: [gcc_s;gcc;cygwin;advapi32;shell32;user32;kernel32]
  implicit dirs: [/usr/lib/gcc/x86_64-pc-cygwin/7.4.0;/usr/x86_64-pc-cygwin/lib;/usr/lib;/usr/lib/w32api]
  implicit fwks: []


Determining if the CXX compiler works passed with the following output:
Change Dir: /cygdrive/c/Users/31409/CLionProjects/program3/cmake-build-debug/CMakeFiles/CMakeTmp

Run Build Command(s):/usr/bin/make.exe cmTC_3a9b7/fast && /usr/bin/make -f CMakeFiles/cmTC_3a9b7.dir/build.make CMakeFiles/cmTC_3a9b7.dir/build
make[1]: Entering directory '/cygdrive/c/Users/31409/CLionProjects/program3/cmake-build-debug/CMakeFiles/CMakeTmp'
Building CXX object CMakeFiles/cmTC_3a9b7.dir/testCXXCompiler.cxx.o
/cygdrive/c/cygwin64/bin/clang++     -o CMakeFiles/cmTC_3a9b7.dir/testCXXCompiler.cxx.o -c /cygdrive/c/Users/31409/CLionProjects/program3/cmake-build-debug/CMakeFiles/CMakeTmp/testCXXCompiler.cxx
Linking CXX executable cmTC_3a9b7.exe
/cygdrive/c/Users/31409/.CLion2019.3/system/cygwin_cmake/bin/cmake.exe -E cmake_link_script CMakeFiles/cmTC_3a9b7.dir/link.txt --verbose=1
/cygdrive/c/cygwin64/bin/clang++    -Wl,--enable-auto-import  CMakeFiles/cmTC_3a9b7.dir/testCXXCompiler.cxx.o  -o cmTC_3a9b7.exe -Wl,--out-implib,libcmTC_3a9b7.dll.a -Wl,--major-image-version,0,--minor-image-version,0 
make[1]: Leaving directory '/cygdrive/c/Users/31409/CLionProjects/program3/cmake-build-debug/CMakeFiles/CMakeTmp'



Detecting CXX compiler ABI info compiled with the following output:
Change Dir: /cygdrive/c/Users/31409/CLionProjects/program3/cmake-build-debug/CMakeFiles/CMakeTmp

Run Build Command(s):/usr/bin/make.exe cmTC_3e987/fast && /usr/bin/make -f CMakeFiles/cmTC_3e987.dir/build.make CMakeFiles/cmTC_3e987.dir/build
make[1]: Entering directory '/cygdrive/c/Users/31409/CLionProjects/program3/cmake-build-debug/CMakeFiles/CMakeTmp'
Building CXX object CMakeFiles/cmTC_3e987.dir/CMakeCXXCompilerABI.cpp.o
/cygdrive/c/cygwin64/bin/clang++    -v -o CMakeFiles/cmTC_3e987.dir/CMakeCXXCompilerABI.cpp.o -c /cygdrive/c/Users/31409/.CLion2019.3/system/cygwin_cmake/share/cmake-3.15.3/Modules/CMakeCXXCompilerABI.cpp
clang version 8.0.1 (tags/RELEASE_801/final)
Target: x86_64-unknown-windows-cygnus
Thread model: posix
InstalledDir: /cygdrive/c/cygwin64/bin
 "/usr/bin/clang-8" -cc1 -triple x86_64-unknown-windows-cygnus -emit-obj -mrelax-all -disable-free -disable-llvm-verifier -discard-value-names -main-file-name CMakeCXXCompilerABI.cpp -mrelocation-model pic -pic-level 2 -mthread-model posix -fmath-errno -masm-verbose -mconstructor-aliases -munwind-tables -target-cpu x86-64 -dwarf-column-info -debugger-tuning=gdb -momit-leaf-frame-pointer -v -coverage-notes-file /cygdrive/c/Users/31409/CLionProjects/program3/cmake-build-debug/CMakeFiles/CMakeTmp/CMakeFiles/cmTC_3e987.dir/CMakeCXXCompilerABI.cpp.gcno -resource-dir /usr/lib/clang/8.0.1 -internal-isystem /usr/x86_64-pc-cygwin/include/c++ -internal-isystem /usr/x86_64-pc-cygwin/include/c++/x86_64-pc-cygwin -internal-isystem /usr/x86_64-pc-cygwin/include/c++/backward -internal-isystem /usr/x86_64-pc-cygwin/include/c++/7.4.0 -internal-isystem /usr/x86_64-pc-cygwin/include/c++/7.4.0/x86_64-pc-cygwin -internal-isystem /usr/x86_64-pc-cygwin/include/c++/7.4.0/backward -internal-isystem /usr/include/c++/7.4.0 -internal-isystem /usr/include/c++/7.4.0/x86_64-pc-cygwin -internal-isystem /usr/include/c++/7.4.0/backward -internal-isystem /usr/lib/gcc/x86_64-pc-cygwin/7.4.0/include/c++ -internal-isystem /usr/lib/gcc/x86_64-pc-cygwin/7.4.0/include/c++/x86_64-pc-cygwin -internal-isystem /usr/lib/gcc/x86_64-pc-cygwin/7.4.0/include/c++/backward -internal-isystem /usr/lib/clang/8.0.1/include -internal-isystem /usr/local/include -internal-isystem /usr/lib/clang/8.0.1/include -internal-isystem /usr/x86_64-pc-cygwin/include -internal-isystem /usr/include -internal-isystem /usr/include/w32api -fdeprecated-macro -fdebug-compilation-dir /cygdrive/c/Users/31409/CLionProjects/program3/cmake-build-debug/CMakeFiles/CMakeTmp -ferror-limit 19 -fmessage-length 0 -fobjc-runtime=gcc -fcxx-exceptions -fexceptions -fseh-exceptions -fdiagnostics-show-option -o CMakeFiles/cmTC_3e987.dir/CMakeCXXCompilerABI.cpp.o -x c++ /cygdrive/c/Users/31409/.CLion2019.3/system/cygwin_cmake/share/cmake-3.15.3/Modules/CMakeCXXCompilerABI.cpp -faddrsig
clang -cc1 version 8.0.1 based upon LLVM 8.0.1 default target x86_64-unknown-cygwin
ignoring nonexistent directory "/usr/x86_64-pc-cygwin/include/c++"
ignoring nonexistent directory "/usr/x86_64-pc-cygwin/include/c++/x86_64-pc-cygwin"
ignoring nonexistent directory "/usr/x86_64-pc-cygwin/include/c++/backward"
ignoring nonexistent directory "/usr/x86_64-pc-cygwin/include/c++/7.4.0"
ignoring nonexistent directory "/usr/x86_64-pc-cygwin/include/c++/7.4.0/x86_64-pc-cygwin"
ignoring nonexistent directory "/usr/x86_64-pc-cygwin/include/c++/7.4.0/backward"
ignoring nonexistent directory "/usr/include/c++/7.4.0"
ignoring nonexistent directory "/usr/include/c++/7.4.0/x86_64-pc-cygwin"
ignoring nonexistent directory "/usr/include/c++/7.4.0/backward"
ignoring nonexistent directory "/usr/local/include"
ignoring nonexistent directory "/usr/x86_64-pc-cygwin/include"
ignoring duplicate directory "/usr/lib/clang/8.0.1/include"
#include "..." search starts here:
#include <...> search starts here:
 /usr/lib/gcc/x86_64-pc-cygwin/7.4.0/include/c++
 /usr/lib/gcc/x86_64-pc-cygwin/7.4.0/include/c++/x86_64-pc-cygwin
 /usr/lib/gcc/x86_64-pc-cygwin/7.4.0/include/c++/backward
 /usr/lib/clang/8.0.1/include
 /usr/include
 /usr/include/w32api
End of search list.
Linking CXX executable cmTC_3e987.exe
/cygdrive/c/Users/31409/.CLion2019.3/system/cygwin_cmake/bin/cmake.exe -E cmake_link_script CMakeFiles/cmTC_3e987.dir/link.txt --verbose=1
/cygdrive/c/cygwin64/bin/clang++    -Wl,--enable-auto-import -v CMakeFiles/cmTC_3e987.dir/CMakeCXXCompilerABI.cpp.o  -o cmTC_3e987.exe -Wl,--out-implib,libcmTC_3e987.dll.a -Wl,--major-image-version,0,--minor-image-version,0 
clang version 8.0.1 (tags/RELEASE_801/final)
Target: x86_64-unknown-windows-cygnus
Thread model: posix
InstalledDir: /cygdrive/c/cygwin64/bin
 "/cygdrive/c/cygwin64/bin/ld" -m i386pep --wrap _Znwm --wrap _Znam --wrap _ZnwmRKSt9nothrow_t --wrap _ZnamRKSt9nothrow_t --wrap _ZdlPv --wrap _ZdaPv --wrap _ZdlPvRKSt9nothrow_t --wrap _ZdaPvKSt9nothrow_t -Bdynamic --tsaware -o cmTC_3e987.exe /usr/lib/crt0.o /usr/lib/gcc/x86_64-pc-cygwin/7.4.0/crtbegin.o -L/usr/lib/gcc/x86_64-pc-cygwin/7.4.0 -L/usr/x86_64-pc-cygwin/lib -L/usr/lib -L/usr/lib/w32api --enable-auto-import CMakeFiles/cmTC_3e987.dir/CMakeCXXCompilerABI.cpp.o --out-implib libcmTC_3e987.dll.a --major-image-version 0 --minor-image-version 0 -lstdc++ -liconv -lgcc_s -lgcc -lcygwin -ladvapi32 -lshell32 -luser32 -lkernel32 /usr/lib/default-manifest.o /usr/lib/gcc/x86_64-pc-cygwin/7.4.0/crtend.o
make[1]: Leaving directory '/cygdrive/c/Users/31409/CLionProjects/program3/cmake-build-debug/CMakeFiles/CMakeTmp'



Parsed CXX implicit include dir info from above output: rv=done
  found start of include info
  found start of implicit include info
    add: [/usr/lib/gcc/x86_64-pc-cygwin/7.4.0/include/c++]
    add: [/usr/lib/gcc/x86_64-pc-cygwin/7.4.0/include/c++/x86_64-pc-cygwin]
    add: [/usr/lib/gcc/x86_64-pc-cygwin/7.4.0/include/c++/backward]
    add: [/usr/lib/clang/8.0.1/include]
    add: [/usr/include]
    add: [/usr/include/w32api]
  end of search list found
  collapse include dir [/usr/lib/gcc/x86_64-pc-cygwin/7.4.0/include/c++] ==> [/usr/lib/gcc/x86_64-pc-cygwin/7.4.0/include/c++]
  collapse include dir [/usr/lib/gcc/x86_64-pc-cygwin/7.4.0/include/c++/x86_64-pc-cygwin] ==> [/usr/lib/gcc/x86_64-pc-cygwin/7.4.0/include/c++/x86_64-pc-cygwin]
  collapse include dir [/usr/lib/gcc/x86_64-pc-cygwin/7.4.0/include/c++/backward] ==> [/usr/lib/gcc/x86_64-pc-cygwin/7.4.0/include/c++/backward]
  collapse include dir [/usr/lib/clang/8.0.1/include] ==> [/usr/lib/clang/8.0.1/include]
  collapse include dir [/usr/include] ==> [/usr/include]
  collapse include dir [/usr/include/w32api] ==> [/usr/include/w32api]
  implicit include dirs: [/usr/lib/gcc/x86_64-pc-cygwin/7.4.0/include/c++;/usr/lib/gcc/x86_64-pc-cygwin/7.4.0/include/c++/x86_64-pc-cygwin;/usr/lib/gcc/x86_64-pc-cygwin/7.4.0/include/c++/backward;/usr/lib/clang/8.0.1/include;/usr/include;/usr/include/w32api]


Parsed CXX implicit link information from above output:
  link line regex: [^( *|.*[/\])(ld\.exe|CMAKE_LINK_STARTFILE-NOTFOUND|([^/\]+-)?ld|collect2)[^/\]*( |$)]
  ignore line: [Change Dir: /cygdrive/c/Users/31409/CLionProjects/program3/cmake-build-debug/CMakeFiles/CMakeTmp]
  ignore line: []
  ignore line: [Run Build Command(s):/usr/bin/make.exe cmTC_3e987/fast && /usr/bin/make -f CMakeFiles/cmTC_3e987.dir/build.make CMakeFiles/cmTC_3e987.dir/build]
  ignore line: [make[1]: Entering directory '/cygdrive/c/Users/31409/CLionProjects/program3/cmake-build-debug/CMakeFiles/CMakeTmp']
  ignore line: [Building CXX object CMakeFiles/cmTC_3e987.dir/CMakeCXXCompilerABI.cpp.o]
  ignore line: [/cygdrive/c/cygwin64/bin/clang++    -v -o CMakeFiles/cmTC_3e987.dir/CMakeCXXCompilerABI.cpp.o -c /cygdrive/c/Users/31409/.CLion2019.3/system/cygwin_cmake/share/cmake-3.15.3/Modules/CMakeCXXCompilerABI.cpp]
  ignore line: [clang version 8.0.1 (tags/RELEASE_801/final)]
  ignore line: [Target: x86_64-unknown-windows-cygnus]
  ignore line: [Thread model: posix]
  ignore line: [InstalledDir: /cygdrive/c/cygwin64/bin]
  ignore line: [ "/usr/bin/clang-8" -cc1 -triple x86_64-unknown-windows-cygnus -emit-obj -mrelax-all -disable-free -disable-llvm-verifier -discard-value-names -main-file-name CMakeCXXCompilerABI.cpp -mrelocation-model pic -pic-level 2 -mthread-model posix -fmath-errno -masm-verbose -mconstructor-aliases -munwind-tables -target-cpu x86-64 -dwarf-column-info -debugger-tuning=gdb -momit-leaf-frame-pointer -v -coverage-notes-file /cygdrive/c/Users/31409/CLionProjects/program3/cmake-build-debug/CMakeFiles/CMakeTmp/CMakeFiles/cmTC_3e987.dir/CMakeCXXCompilerABI.cpp.gcno -resource-dir /usr/lib/clang/8.0.1 -internal-isystem /usr/x86_64-pc-cygwin/include/c++ -internal-isystem /usr/x86_64-pc-cygwin/include/c++/x86_64-pc-cygwin -internal-isystem /usr/x86_64-pc-cygwin/include/c++/backward -internal-isystem /usr/x86_64-pc-cygwin/include/c++/7.4.0 -internal-isystem /usr/x86_64-pc-cygwin/include/c++/7.4.0/x86_64-pc-cygwin -internal-isystem /usr/x86_64-pc-cygwin/include/c++/7.4.0/backward -internal-isystem /usr/include/c++/7.4.0 -internal-isystem /usr/include/c++/7.4.0/x86_64-pc-cygwin -internal-isystem /usr/include/c++/7.4.0/backward -internal-isystem /usr/lib/gcc/x86_64-pc-cygwin/7.4.0/include/c++ -internal-isystem /usr/lib/gcc/x86_64-pc-cygwin/7.4.0/include/c++/x86_64-pc-cygwin -internal-isystem /usr/lib/gcc/x86_64-pc-cygwin/7.4.0/include/c++/backward -internal-isystem /usr/lib/clang/8.0.1/include -internal-isystem /usr/local/include -internal-isystem /usr/lib/clang/8.0.1/include -internal-isystem /usr/x86_64-pc-cygwin/include -internal-isystem /usr/include -internal-isystem /usr/include/w32api -fdeprecated-macro -fdebug-compilation-dir /cygdrive/c/Users/31409/CLionProjects/program3/cmake-build-debug/CMakeFiles/CMakeTmp -ferror-limit 19 -fmessage-length 0 -fobjc-runtime=gcc -fcxx-exceptions -fexceptions -fseh-exceptions -fdiagnostics-show-option -o CMakeFiles/cmTC_3e987.dir/CMakeCXXCompilerABI.cpp.o -x c++ /cygdrive/c/Users/31409/.CLion2019.3/system/cygwin_cmake/share/cmake-3.15.3/Modules/CMakeCXXCompilerABI.cpp -faddrsig]
  ignore line: [clang -cc1 version 8.0.1 based upon LLVM 8.0.1 default target x86_64-unknown-cygwin]
  ignore line: [ignoring nonexistent directory "/usr/x86_64-pc-cygwin/include/c++"]
  ignore line: [ignoring nonexistent directory "/usr/x86_64-pc-cygwin/include/c++/x86_64-pc-cygwin"]
  ignore line: [ignoring nonexistent directory "/usr/x86_64-pc-cygwin/include/c++/backward"]
  ignore line: [ignoring nonexistent directory "/usr/x86_64-pc-cygwin/include/c++/7.4.0"]
  ignore line: [ignoring nonexistent directory "/usr/x86_64-pc-cygwin/include/c++/7.4.0/x86_64-pc-cygwin"]
  ignore line: [ignoring nonexistent directory "/usr/x86_64-pc-cygwin/include/c++/7.4.0/backward"]
  ignore line: [ignoring nonexistent directory "/usr/include/c++/7.4.0"]
  ignore line: [ignoring nonexistent directory "/usr/include/c++/7.4.0/x86_64-pc-cygwin"]
  ignore line: [ignoring nonexistent directory "/usr/include/c++/7.4.0/backward"]
  ignore line: [ignoring nonexistent directory "/usr/local/include"]
  ignore line: [ignoring nonexistent directory "/usr/x86_64-pc-cygwin/include"]
  ignore line: [ignoring duplicate directory "/usr/lib/clang/8.0.1/include"]
  ignore line: [#include "..." search starts here:]
  ignore line: [#include <...> search starts here:]
  ignore line: [ /usr/lib/gcc/x86_64-pc-cygwin/7.4.0/include/c++]
  ignore line: [ /usr/lib/gcc/x86_64-pc-cygwin/7.4.0/include/c++/x86_64-pc-cygwin]
  ignore line: [ /usr/lib/gcc/x86_64-pc-cygwin/7.4.0/include/c++/backward]
  ignore line: [ /usr/lib/clang/8.0.1/include]
  ignore line: [ /usr/include]
  ignore line: [ /usr/include/w32api]
  ignore line: [End of search list.]
  ignore line: [Linking CXX executable cmTC_3e987.exe]
  ignore line: [/cygdrive/c/Users/31409/.CLion2019.3/system/cygwin_cmake/bin/cmake.exe -E cmake_link_script CMakeFiles/cmTC_3e987.dir/link.txt --verbose=1]
  ignore line: [/cygdrive/c/cygwin64/bin/clang++    -Wl,--enable-auto-import -v CMakeFiles/cmTC_3e987.dir/CMakeCXXCompilerABI.cpp.o  -o cmTC_3e987.exe -Wl,--out-implib,libcmTC_3e987.dll.a -Wl,--major-image-version,0,--minor-image-version,0 ]
  ignore line: [clang version 8.0.1 (tags/RELEASE_801/final)]
  ignore line: [Target: x86_64-unknown-windows-cygnus]
  ignore line: [Thread model: posix]
  ignore line: [InstalledDir: /cygdrive/c/cygwin64/bin]
  link line: [ "/cygdrive/c/cygwin64/bin/ld" -m i386pep --wrap _Znwm --wrap _Znam --wrap _ZnwmRKSt9nothrow_t --wrap _ZnamRKSt9nothrow_t --wrap _ZdlPv --wrap _ZdaPv --wrap _ZdlPvRKSt9nothrow_t --wrap _ZdaPvKSt9nothrow_t -Bdynamic --tsaware -o cmTC_3e987.exe /usr/lib/crt0.o /usr/lib/gcc/x86_64-pc-cygwin/7.4.0/crtbegin.o -L/usr/lib/gcc/x86_64-pc-cygwin/7.4.0 -L/usr/x86_64-pc-cygwin/lib -L/usr/lib -L/usr/lib/w32api --enable-auto-import CMakeFiles/cmTC_3e987.dir/CMakeCXXCompilerABI.cpp.o --out-implib libcmTC_3e987.dll.a --major-image-version 0 --minor-image-version 0 -lstdc++ -liconv -lgcc_s -lgcc -lcygwin -ladvapi32 -lshell32 -luser32 -lkernel32 /usr/lib/default-manifest.o /usr/lib/gcc/x86_64-pc-cygwin/7.4.0/crtend.o]
    arg [/cygdrive/c/cygwin64/bin/ld] ==> ignore
    arg [-m] ==> ignore
    arg [i386pep] ==> ignore
    arg [--wrap] ==> ignore
    arg [_Znwm] ==> ignore
    arg [--wrap] ==> ignore
    arg [_Znam] ==> ignore
    arg [--wrap] ==> ignore
    arg [_ZnwmRKSt9nothrow_t] ==> ignore
    arg [--wrap] ==> ignore
    arg [_ZnamRKSt9nothrow_t] ==> ignore
    arg [--wrap] ==> ignore
    arg [_ZdlPv] ==> ignore
    arg [--wrap] ==> ignore
    arg [_ZdaPv] ==> ignore
    arg [--wrap] ==> ignore
    arg [_ZdlPvRKSt9nothrow_t] ==> ignore
    arg [--wrap] ==> ignore
    arg [_ZdaPvKSt9nothrow_t] ==> ignore
    arg [-Bdynamic] ==> ignore
    arg [--tsaware] ==> ignore
    arg [-o] ==> ignore
    arg [cmTC_3e987.exe] ==> ignore
    arg [/usr/lib/crt0.o] ==> ignore
    arg [/usr/lib/gcc/x86_64-pc-cygwin/7.4.0/crtbegin.o] ==> ignore
    arg [-L/usr/lib/gcc/x86_64-pc-cygwin/7.4.0] ==> dir [/usr/lib/gcc/x86_64-pc-cygwin/7.4.0]
    arg [-L/usr/x86_64-pc-cygwin/lib] ==> dir [/usr/x86_64-pc-cygwin/lib]
    arg [-L/usr/lib] ==> dir [/usr/lib]
    arg [-L/usr/lib/w32api] ==> dir [/usr/lib/w32api]
    arg [--enable-auto-import] ==> ignore
    arg [CMakeFiles/cmTC_3e987.dir/CMakeCXXCompilerABI.cpp.o] ==> ignore
    arg [--out-implib] ==> ignore
    arg [libcmTC_3e987.dll.a] ==> ignore
    arg [--major-image-version] ==> ignore
    arg [0] ==> ignore
    arg [--minor-image-version] ==> ignore
    arg [0] ==> ignore
    arg [-lstdc++] ==> lib [stdc++]
    arg [-liconv] ==> lib [iconv]
    arg [-lgcc_s] ==> lib [gcc_s]
    arg [-lgcc] ==> lib [gcc]
    arg [-lcygwin] ==> lib [cygwin]
    arg [-ladvapi32] ==> lib [advapi32]
    arg [-lshell32] ==> lib [shell32]
    arg [-luser32] ==> lib [user32]
    arg [-lkernel32] ==> lib [kernel32]
    arg [/usr/lib/default-manifest.o] ==> ignore
    arg [/usr/lib/gcc/x86_64-pc-cygwin/7.4.0/crtend.o] ==> ignore
  collapse library dir [/usr/lib/gcc/x86_64-pc-cygwin/7.4.0] ==> [/usr/lib/gcc/x86_64-pc-cygwin/7.4.0]
  collapse library dir [/usr/x86_64-pc-cygwin/lib] ==> [/usr/x86_64-pc-cygwin/lib]
  collapse library dir [/usr/lib] ==> [/usr/lib]
  collapse library dir [/usr/lib/w32api] ==> [/usr/lib/w32api]
  implicit libs: [stdc++;iconv;gcc_s;gcc;cygwin;advapi32;shell32;user32;kernel32]
  implicit dirs: [/usr/lib/gcc/x86_64-pc-cygwin/7.4.0;/usr/x86_64-pc-cygwin/lib;/usr/lib;/usr/lib/w32api]
  implicit fwks: []


